#
# A fatal error has been detected by the Java Runtime Environment:
#
#  EXCEPTION_ACCESS_VIOLATION (0xc0000005) at pc=0x00000000600305cf, pid=6732, tid=7120
#
# JRE version: 7.0-b147
# Java VM: Java HotSpot(TM) 64-Bit Server VM (21.0-b17 mixed mode windows-amd64 compressed oops)
# Problematic frame:
# V  [jvm.dll+0x3e05cf]
#
# Failed to write core dump. Minidumps are not enabled by default on client versions of Windows
#
# If you would like to submit a bug report, please visit:
#   http://bugreport.sun.com/bugreport/crash.jsp
#

---------------  T H R E A D  ---------------

Current thread (0x00000000069a6800):  JavaThread "C2 CompilerThread1" daemon [_thread_in_native, id=7120, stack(0x0000000007dd0000,0x0000000007ed0000)]

siginfo: ExceptionCode=0xc0000005, reading address 0x0000000000000008

Registers:
RAX=0x0000000000000000, RBX=0x0000000007eccb30, RCX=0x000000000c6f8060, RDX=0x0000000000000000
RSP=0x0000000007ecbce0, RBP=0x0000000007ecbe90, RSI=0x000000000ad76f90, RDI=0x0000000000000000
R8 =0x000000000acb4230, R9 =0x0000000000002000, R10=0x00000000098343c0, R11=0x0000000000000000
R12=0x0000000008863330, R13=0x000000000c763f30, R14=0x0000000007ecbdb0, R15=0x0000000007ecbdd0
RIP=0x00000000600305cf, EFLAGS=0x0000000000010202

Top of Stack: (sp=0x0000000007ecbce0)
0x0000000007ecbce0:   0000000007eccb30 0000000008863330
0x0000000007ecbcf0:   0000000008416870 0000000000000000
0x0000000007ecbd00:   0000000008863330 0000000000000002
0x0000000007ecbd10:   000000000c76ae28 0000000060031079
0x0000000007ecbd20:   0000000007ecbe90 000000000000019e
0x0000000007ecbd30:   0000000007ecbe18 0000000007ecbe90
0x0000000007ecbd40:   0000000000000020 0000000008dabed8
0x0000000007ecbd50:   0000000000000000 000000000000c070
0x0000000007ecbd60:   0000000008e9be90 0000000007ecbe90
0x0000000007ecbd70:   000000000698fca0 0000000000000002
0x0000000007ecbd80:   0000000007eccb30 00000000600331a7
0x0000000007ecbd90:   0000000007eccb30 0000000000000001
0x0000000007ecbda0:   0000000000000002 0000000007ecbe18
0x0000000007ecbdb0:   000000000698fca0 0000000000000200
0x0000000007ecbdc0:   000000000c6f1870 000000000000019f
0x0000000007ecbdd0:   000000006018d478 000000000698fca0 

Instructions: (pc=0x00000000600305cf)
0x00000000600305af:   48 3b f0 0f 84 78 01 00 00 44 8b 4b 28 0f 1f 40
0x00000000600305bf:   00 41 8b 53 28 4c 8b 83 e0 09 00 00 4d 8b 1c d0
0x00000000600305cf:   49 8b 43 08 48 39 38 75 2d 0f 1f 84 00 00 00 00
0x00000000600305df:   00 41 8b 43 28 41 3b c1 73 0c 8b c8 48 8b 43 30 


Register to memory mapping:

RAX=0x0000000000000000 is an unknown value
RBX=0x0000000007eccb30 is pointing into the stack for thread: 0x00000000069a6800
RCX=0x000000000c6f8060 is an unknown value
RDX=0x0000000000000000 is an unknown value
RSP=0x0000000007ecbce0 is pointing into the stack for thread: 0x00000000069a6800
RBP=0x0000000007ecbe90 is pointing into the stack for thread: 0x00000000069a6800
RSI=0x000000000ad76f90 is an unknown value
RDI=0x0000000000000000 is an unknown value
R8 =0x000000000acb4230 is an unknown value
R9 =0x0000000000002000 is an unknown value
R10=0x00000000098343c0 is an unknown value
R11=0x0000000000000000 is an unknown value
R12=0x0000000008863330 is an unknown value
R13=0x000000000c763f30 is an unknown value
R14=0x0000000007ecbdb0 is pointing into the stack for thread: 0x00000000069a6800
R15=0x0000000007ecbdd0 is pointing into the stack for thread: 0x00000000069a6800


Stack: [0x0000000007dd0000,0x0000000007ed0000],  sp=0x0000000007ecbce0,  free space=1007k
Native frames: (J=compiled Java code, j=interpreted, Vv=VM code, C=native code)
V  [jvm.dll+0x3e05cf]


Current CompileTask:
C2:3720765 1003             jregex.Pretokenizer::next (1064 bytes)


---------------  P R O C E S S  ---------------

Java Threads: ( => current thread )
  0x0000000008c94000 JavaThread "net.sf.ehcache.CacheManager@260ecb5b" daemon [_thread_blocked, id=2756, stack(0x000000000b8f0000,0x000000000b9f0000)]
  0x0000000008c92800 JavaThread "New I/O server worker #1-7" [_thread_in_native, id=6456, stack(0x000000000b630000,0x000000000b730000)]
  0x0000000008963000 JavaThread "com.mchange.v2.async.ThreadPoolAsynchronousRunner$PoolThread-#2" daemon [_thread_blocked, id=5172, stack(0x000000000ba70000,0x000000000bb70000)]
  0x000000000840f000 JavaThread "com.mchange.v2.async.ThreadPoolAsynchronousRunner$PoolThread-#1" daemon [_thread_blocked, id=6176, stack(0x000000000bb70000,0x000000000bc70000)]
  0x0000000009093000 JavaThread "com.mchange.v2.async.ThreadPoolAsynchronousRunner$PoolThread-#0" daemon [_thread_blocked, id=4484, stack(0x000000000b790000,0x000000000b890000)]
  0x0000000009a92000 JavaThread "Timer-0" daemon [_thread_blocked, id=3240, stack(0x000000000b440000,0x000000000b540000)]
  0x0000000008b9d000 JavaThread "play-thread-1" [_thread_in_Java, id=5176, stack(0x0000000009d50000,0x0000000009e50000)]
  0x000000000287d800 JavaThread "DestroyJavaVM" [_thread_blocked, id=5320, stack(0x0000000002ad0000,0x0000000002bd0000)]
  0x0000000008f6f000 JavaThread "New I/O server boss #1 ([id: 0x52ea401c, /0:0:0:0:0:0:0:0:9000])" [_thread_in_native, id=1524, stack(0x0000000009c00000,0x0000000009d00000)]
  0x00000000069b2000 JavaThread "Service Thread" daemon [_thread_blocked, id=5644, stack(0x0000000007c30000,0x0000000007d30000)]
=>0x00000000069a6800 JavaThread "C2 CompilerThread1" daemon [_thread_in_native, id=7120, stack(0x0000000007dd0000,0x0000000007ed0000)]
  0x00000000069a5800 JavaThread "C2 CompilerThread0" daemon [_thread_in_native, id=6040, stack(0x0000000007980000,0x0000000007a80000)]
  0x000000000699b000 JavaThread "JDWP Event Helper Thread" daemon [_thread_blocked, id=5440, stack(0x0000000007b30000,0x0000000007c30000)]
  0x0000000006999800 JavaThread "JDWP Transport Listener: dt_socket" daemon [_thread_in_native, id=3080, stack(0x0000000007850000,0x0000000007950000)]
  0x0000000006962800 JavaThread "Attach Listener" daemon [_thread_blocked, id=5268, stack(0x0000000007300000,0x0000000007400000)]
  0x000000000695d800 JavaThread "Signal Dispatcher" daemon [_thread_blocked, id=1616, stack(0x00000000071c0000,0x00000000072c0000)]
  0x00000000027aa800 JavaThread "Finalizer" daemon [_thread_blocked, id=4168, stack(0x0000000006db0000,0x0000000006eb0000)]
  0x00000000027a4000 JavaThread "Reference Handler" daemon [_thread_blocked, id=3904, stack(0x0000000007060000,0x0000000007160000)]

Other Threads:
  0x000000000279a800 VMThread [stack: 0x0000000006ed0000,0x0000000006fd0000] [id=2240]
  0x00000000069bf000 WatcherThread [stack: 0x0000000007f10000,0x0000000008010000] [id=6344]

VM state:not at safepoint (normal execution)

VM Mutex/Monitor currently owned by a thread: None

Heap
 PSYoungGen      total 50368K, used 48356K [0x00000000eb200000, 0x00000000f0520000, 0x0000000100000000)
  eden space 46976K, 95% used [0x00000000eb200000,0x00000000eddee098,0x00000000edfe0000)
  from space 3392K, 99% used [0x00000000ef590000,0x00000000ef8db138,0x00000000ef8e0000)
  to   space 8896K, 0% used [0x00000000efc70000,0x00000000efc70000,0x00000000f0520000)
 PSOldGen        total 42752K, used 30040K [0x00000000c1600000, 0x00000000c3fc0000, 0x00000000eb200000)
  object space 42752K, 70% used [0x00000000c1600000,0x00000000c33561d8,0x00000000c3fc0000)
 PSPermGen       total 41216K, used 41160K [0x00000000bc400000, 0x00000000bec40000, 0x00000000c1600000)
  object space 41216K, 99% used [0x00000000bc400000,0x00000000bec32290,0x00000000bec40000)

Code Cache  [0x0000000002bd0000, 0x0000000003110000, 0x0000000005bd0000)
 total_blobs=1610 nmethods=936 adapters=632 free_code_cache=43909Kb largest_free_block=44886208

Dynamic libraries:
0x000000013fc50000 - 0x000000013fc83000 	C:\Program Files\Java\jdk1.7.0\bin\java.exe
0x0000000077620000 - 0x00000000777c9000 	C:\Windows\SYSTEM32\ntdll.dll
0x00000000721e0000 - 0x000000007222a000 	C:\Program Files\AVAST Software\Avast\snxhk64.dll
0x0000000077190000 - 0x00000000772af000 	C:\Windows\system32\KERNEL32.dll
0x000007fefdb30000 - 0x000007fefdb9b000 	C:\Windows\system32\KERNELBASE.dll
0x000007fefe2f0000 - 0x000007fefe3cb000 	C:\Windows\system32\ADVAPI32.dll
0x000007fefdfa0000 - 0x000007fefe03f000 	C:\Windows\system32\msvcrt.dll
0x000007fefe230000 - 0x000007fefe24f000 	C:\Windows\SYSTEM32\sechost.dll
0x000007feff610000 - 0x000007feff73d000 	C:\Windows\system32\RPCRT4.dll
0x0000000077090000 - 0x000000007718a000 	C:\Windows\system32\USER32.dll
0x000007fefde50000 - 0x000007fefdeb7000 	C:\Windows\system32\GDI32.dll
0x000007feff740000 - 0x000007feff74e000 	C:\Windows\system32\LPK.dll
0x000007fefe040000 - 0x000007fefe109000 	C:\Windows\system32\USP10.dll
0x000007fefc4f0000 - 0x000007fefc6e4000 	C:\Windows\WinSxS\amd64_microsoft.windows.common-controls_6595b64144ccf1df_6.0.7601.17514_none_fa396087175ac9ac\COMCTL32.dll
0x000007feff160000 - 0x000007feff1d1000 	C:\Windows\system32\SHLWAPI.dll
0x000007feff5e0000 - 0x000007feff60e000 	C:\Windows\system32\IMM32.DLL
0x000007feff200000 - 0x000007feff309000 	C:\Windows\system32\MSCTF.dll
0x000007fefda40000 - 0x000007fefda7f000 	C:\Windows\system32\nvinitx.dll
0x000000000f000000 - 0x000000000f006000 	C:\Program Files\NVIDIA Corporation\CoProcManager\_etoured.dll
0x000007fefa870000 - 0x000007fefa8b5000 	C:\Program Files\NVIDIA Corporation\CoProcManager\nvd3d9wrapx.dll
0x000007feff750000 - 0x000007feff927000 	C:\Windows\system32\SETUPAPI.dll
0x000007fefddb0000 - 0x000007fefdde6000 	C:\Windows\system32\CFGMGR32.dll
0x000007fefdec0000 - 0x000007fefdf97000 	C:\Windows\system32\OLEAUT32.dll
0x000007feff360000 - 0x000007feff563000 	C:\Windows\system32\ole32.dll
0x000007fefddf0000 - 0x000007fefde0a000 	C:\Windows\system32\DEVOBJ.dll
0x000007fefa820000 - 0x000007fefa862000 	C:\Program Files\NVIDIA Corporation\CoProcManager\nvdxgiwrapx.dll
0x0000000071870000 - 0x0000000071941000 	C:\Program Files\Java\jdk1.7.0\jre\bin\msvcr100.dll
0x000000005fc50000 - 0x000000006031e000 	C:\Program Files\Java\jdk1.7.0\jre\bin\server\jvm.dll
0x000007fef9300000 - 0x000007fef9309000 	C:\Windows\system32\WSOCK32.dll
0x000007feff310000 - 0x000007feff35d000 	C:\Windows\system32\WS2_32.dll
0x000007feff5d0000 - 0x000007feff5d8000 	C:\Windows\system32\NSI.dll
0x000007fefb600000 - 0x000007fefb63b000 	C:\Windows\system32\WINMM.dll
0x00000000777f0000 - 0x00000000777f7000 	C:\Windows\system32\PSAPI.DLL
0x0000000074290000 - 0x000000007429f000 	C:\Program Files\Java\jdk1.7.0\jre\bin\verify.dll
0x000000006f830000 - 0x000000006f858000 	C:\Program Files\Java\jdk1.7.0\jre\bin\java.dll
0x000000006f7f0000 - 0x000000006f825000 	C:\Program Files\Java\jdk1.7.0\jre\bin\jdwp.dll
0x000000006f7c0000 - 0x000000006f7e3000 	C:\Program Files\Java\jdk1.7.0\jre\bin\instrument.dll
0x00000000747a0000 - 0x00000000747a8000 	C:\Program Files\Java\jdk1.7.0\jre\bin\npt.dll
0x000000006f7a0000 - 0x000000006f7b5000 	C:\Program Files\Java\jdk1.7.0\jre\bin\zip.dll
0x0000000071860000 - 0x0000000071869000 	C:\Program Files\Java\jdk1.7.0\jre\bin\dt_socket.dll
0x000007fefd250000 - 0x000007fefd2a5000 	C:\Windows\system32\mswsock.dll
0x000007fefcc50000 - 0x000007fefcc57000 	C:\Windows\System32\wshtcpip.dll
0x000000006f780000 - 0x000000006f799000 	C:\Program Files\Java\jdk1.7.0\jre\bin\net.dll
0x000007fefd240000 - 0x000007fefd247000 	C:\Windows\System32\wship6.dll
0x000000006f060000 - 0x000000006f071000 	C:\Program Files\Java\jdk1.7.0\jre\bin\nio.dll
0x000007fefd2b0000 - 0x000007fefd2c7000 	C:\Windows\system32\CRYPTSP.dll
0x000007fefcfb0000 - 0x000007fefcff7000 	C:\Windows\system32\rsaenh.dll
0x000007fefcd80000 - 0x000007fefcd9e000 	C:\Windows\system32\USERENV.dll
0x000007fefda80000 - 0x000007fefda8f000 	C:\Windows\system32\profapi.dll
0x000007fefd930000 - 0x000007fefd93f000 	C:\Windows\system32\CRYPTBASE.dll
0x000007fefb140000 - 0x000007fefb155000 	C:\Windows\system32\NLAapi.dll
0x000007fef95b0000 - 0x000007fef95c5000 	C:\Windows\system32\napinsp.dll
0x000007fef9590000 - 0x000007fef95a9000 	C:\Windows\system32\pnrpnsp.dll
0x000007fefd0d0000 - 0x000007fefd12b000 	C:\Windows\system32\DNSAPI.dll
0x000007fef9580000 - 0x000007fef958b000 	C:\Windows\System32\winrnr.dll
0x000007fefb280000 - 0x000007fefb2a7000 	C:\Windows\system32\IPHLPAPI.DLL
0x000007fefb270000 - 0x000007fefb27b000 	C:\Windows\system32\WINNSI.DLL
0x000007fef9570000 - 0x000007fef9578000 	C:\Windows\system32\rasadhlp.dll
0x000007fefae90000 - 0x000007fefaee3000 	C:\Windows\System32\fwpuclnt.dll
0x000000006f770000 - 0x000000006f77b000 	C:\Program Files\Java\jdk1.7.0\jre\bin\management.dll
0x00000000665d0000 - 0x00000000665f4000 	C:\Program Files\Java\jdk1.7.0\jre\bin\sunec.dll

VM Arguments:
jvm_args: -javaagent:C:\play-1.2.4\framework/play-1.2.4.jar -XX:-UseSplitVerifier -Dfile.encoding=utf-8 -Xdebug -Xrunjdwp:transport=dt_socket,address=8000,server=y,suspend=n -Dplay.debug=yes -Dapplication.path=C:\Users\Martina\workspace\finkiSchedule -Dplay.id= 
java_command: play.server.Server 
Launcher Type: SUN_STANDARD

Environment Variables:
JAVA_HOME=C:\Program Files\Java\jdk1.7.0
PATH=C:\PROGRAM FILES (X86)\NVIDIA CORPORATION\PHYSX\COMMON;C:\Windows\SYSTEM32;C:\Windows;C:\Windows\SYSTEM32\WBEM;C:\Windows\SYSTEM32\WINDOWSPOWERSHELL\V1.0\;C:\Program Files (x86)\Microsoft SQL Server\100\Tools\Binn\;C:\play-1.2.4
USERNAME=Martina
OS=Windows_NT
PROCESSOR_IDENTIFIER=Intel64 Family 6 Model 42 Stepping 7, GenuineIntel



---------------  S Y S T E M  ---------------

OS: Windows 7 , 64 bit Build 7601 Service Pack 1

CPU:total 4 (2 cores per cpu, 2 threads per core) family 6 model 42 stepping 7, cmov, cx8, fxsr, mmx, sse, sse2, sse3, ssse3, sse4.1, sse4.2, popcnt, ht

Memory: 4k page, physical 4099244k(1287816k free), swap 8196628k(5009592k free)

vm_info: Java HotSpot(TM) 64-Bit Server VM (21.0-b17) for windows-amd64 JRE (1.7.0-b147), built on Jun 27 2011 02:19:45 by "java_re" with unknown MS VC++:1600

time: Tue Apr 30 12:23:45 2013
elapsed time: 3720 seconds

